<?xml version="1.0" encoding="UTF-8"?>
<!-- Generated by org.testng.reporters.JUnitXMLReporter -->
<testsuite ignored="2" hostname="XSC-10261-RAJESHWARI" failures="0" tests="4" name="Test case" time="0.146" errors="0" timestamp="2023-07-21T18:37:38 IST">
  <testcase classname="testNGFrameworks.GroupingExample" name="moto" time="0.022"/>
  <testcase classname="testNGFrameworks.GroupingExample" name="moto1" time="0.006"/>
  <testcase classname="testNGFrameworks.GroupingExample" name="vivo" time="0.006"/>
  <testcase classname="testNGFrameworks.GroupingExample" name="vivo1" time="0.005"/>
  <testcase classname="testNGFrameworks.GroupingExample" name="apple" time="0.0">
    <ignored/>
  </testcase> <!-- apple -->
  <testcase classname="testNGFrameworks.GroupingExample" name="apple1" time="0.0">
    <ignored/>
  </testcase> <!-- apple1 -->
</testsuite> <!-- Test case -->
