<?xml version="1.0" encoding="UTF-8"?>
<testng-results ignored="0" total="1" passed="1" failed="0" skipped="0">
  <reporter-output>
  </reporter-output>
  <suite started-at="2024-06-17T10:36:20 IST" name="Default suite" finished-at="2024-06-17T10:36:41 IST" duration-ms="20814">
    <groups>
    </groups>
    <test started-at="2024-06-17T10:36:20 IST" name="Default test" finished-at="2024-06-17T10:36:41 IST" duration-ms="20814">
      <class name="testversion.ChromeVErsion">
        <test-method signature="test()[pri:0, instance:testversion.ChromeVErsion@4722ef0c]" started-at="2024-06-17T10:36:20 IST" name="test" finished-at="2024-06-17T10:36:41 IST" duration-ms="20726" status="PASS">
          <reporter-output>
          </reporter-output>
        </test-method> <!-- test -->
      </class> <!-- testversion.ChromeVErsion -->
    </test> <!-- Default test -->
  </suite> <!-- Default suite -->
</testng-results>
