<?xml version="1.0" encoding="UTF-8"?>
<testng-results ignored="0" total="1" passed="1" failed="0" skipped="0">
  <reporter-output>
  </reporter-output>
  <suite started-at="2024-06-27T16:09:13 IST" name="Default suite" finished-at="2024-06-27T16:09:34 IST" duration-ms="20533">
    <groups>
    </groups>
    <test started-at="2024-06-27T16:09:13 IST" name="Default test" finished-at="2024-06-27T16:09:34 IST" duration-ms="20533">
      <class name="automationFrameworks.Actionsclass">
        <test-method signature="actions()[pri:0, instance:automationFrameworks.Actionsclass@5fb759d6]" started-at="2024-06-27T16:09:13 IST" name="actions" finished-at="2024-06-27T16:09:34 IST" duration-ms="20456" status="PASS">
          <reporter-output>
          </reporter-output>
        </test-method> <!-- actions -->
      </class> <!-- automationFrameworks.Actionsclass -->
    </test> <!-- Default test -->
  </suite> <!-- Default suite -->
</testng-results>
