<?xml version="1.0" encoding="UTF-8"?>
<testng-results ignored="1" total="2" passed="1" failed="0" skipped="0">
  <reporter-output>
  </reporter-output>
  <suite started-at="2023-02-15T16:43:21 IST" name="Default suite" finished-at="2023-02-15T16:43:30 IST" duration-ms="8581">
    <groups>
    </groups>
    <test started-at="2023-02-15T16:43:21 IST" name="Default test" finished-at="2023-02-15T16:43:30 IST" duration-ms="8581">
      <class name="Test.Home">
        <test-method signature="homePage()[pri:0, instance:Test.Home@5e600dd5]" started-at="2023-02-15T16:43:21 IST" name="homePage" finished-at="2023-02-15T16:43:30 IST" duration-ms="8519" status="PASS">
          <reporter-output>
          </reporter-output>
        </test-method> <!-- homePage -->
      </class> <!-- Test.Home -->
    </test> <!-- Default test -->
  </suite> <!-- Default suite -->
</testng-results>
