<?xml version="1.0" encoding="UTF-8"?>
<testng-results ignored="0" total="0" passed="0" failed="0" skipped="0">
  <reporter-output>
  </reporter-output>
  <suite started-at="2024-06-21T09:51:07 IST" name="login Suite" finished-at="2024-06-21T09:51:08 IST" duration-ms="255">
    <groups>
    </groups>
    <test started-at="2024-06-21T09:51:07 IST" name="BothInCorrect" finished-at="2024-06-21T09:51:08 IST" duration-ms="40">
      <class name="loginTestCases.BothInCorrect">
        <test-method is-config="true" signature="loginWithBothInCorrectUserName(java.lang.String,java.lang.String)[pri:0, instance:loginTestCases.BothInCorrect@5c86a017]" started-at="2024-06-21T09:51:07 IST" name="loginWithBothInCorrectUserName" finished-at="2024-06-21T09:51:07 IST" duration-ms="0" status="SKIP">
          <reporter-output>
          </reporter-output>
        </test-method> <!-- loginWithBothInCorrectUserName -->
      </class> <!-- loginTestCases.BothInCorrect -->
    </test> <!-- BothInCorrect -->
    <test started-at="2024-06-21T09:51:08 IST" name="CorrectPassword" finished-at="2024-06-21T09:51:08 IST" duration-ms="2">
    </test> <!-- CorrectPassword -->
    <test started-at="2024-06-21T09:51:08 IST" name="CorrectUserName" finished-at="2024-06-21T09:51:08 IST" duration-ms="2">
    </test> <!-- CorrectUserName -->
    <test started-at="2024-06-21T09:51:08 IST" name="BothCorrect" finished-at="2024-06-21T09:51:08 IST" duration-ms="5">
      <class name="loginTestCases.CorrectUserName">
        <test-method is-config="true" signature="loginWithCorrectUserName(java.lang.String,java.lang.String)[pri:0, instance:loginTestCases.CorrectUserName@36804139]" started-at="2024-06-21T09:51:08 IST" name="loginWithCorrectUserName" finished-at="2024-06-21T09:51:08 IST" duration-ms="0" status="SKIP">
          <reporter-output>
          </reporter-output>
        </test-method> <!-- loginWithCorrectUserName -->
      </class> <!-- loginTestCases.CorrectUserName -->
      <class name="loginTestCases.BothCorrect">
        <test-method is-config="true" signature="loginWithCorrectLogin(java.lang.String,java.lang.String)[pri:0, instance:loginTestCases.BothCorrect@4ee203eb]" started-at="2024-06-21T09:51:08 IST" name="loginWithCorrectLogin" finished-at="2024-06-21T09:51:08 IST" duration-ms="0" status="SKIP">
          <reporter-output>
          </reporter-output>
        </test-method> <!-- loginWithCorrectLogin -->
      </class> <!-- loginTestCases.BothCorrect -->
      <class name="loginTestCases.CorrectPassword">
        <test-method is-config="true" signature="loginWithCorrectPassword(java.lang.String,java.lang.String)[pri:0, instance:loginTestCases.CorrectPassword@13526e59]" started-at="2024-06-21T09:51:07 IST" name="loginWithCorrectPassword" finished-at="1970-01-01T05:30:00 IST" duration-ms="-1718943667925" status="FAIL">
          <exception class="org.testng.TestNGException">
            <message>
              <![CDATA[
Parameter 'username' is required by BeforeSuite on method loginWithCorrectPassword but has not been marked @Optional or defined
in F:\SeleniumPrograms\demoProject\testng.xml]]>
            </message>
            <full-stacktrace>
              <![CDATA[org.testng.TestNGException: 
Parameter 'username' is required by BeforeSuite on method loginWithCorrectPassword but has not been marked @Optional or defined
in F:\SeleniumPrograms\demoProject\testng.xml
at org.testng.internal.Parameters.createParams(Parameters.java:267)
at org.testng.internal.Parameters.createParametersForMethod(Parameters.java:355)
at org.testng.internal.Parameters.createParameters(Parameters.java:684)
at org.testng.internal.Parameters.createConfigurationParameters(Parameters.java:166)
at org.testng.internal.invokers.ConfigInvoker.invokeConfigurations(ConfigInvoker.java:306)
at org.testng.SuiteRunner.privateRun(SuiteRunner.java:382)
at org.testng.SuiteRunner.run(SuiteRunner.java:336)
at org.testng.SuiteRunnerWorker.runSuite(SuiteRunnerWorker.java:52)
at org.testng.SuiteRunnerWorker.run(SuiteRunnerWorker.java:95)
at org.testng.TestNG.runSuitesSequentially(TestNG.java:1280)
at org.testng.TestNG.runSuitesLocally(TestNG.java:1200)
at org.testng.TestNG.runSuites(TestNG.java:1114)
at org.testng.TestNG.run(TestNG.java:1082)
at org.testng.remote.AbstractRemoteTestNG.run(AbstractRemoteTestNG.java:115)
at org.testng.remote.RemoteTestNG.initAndRun(RemoteTestNG.java:251)
at org.testng.remote.RemoteTestNG.main(RemoteTestNG.java:77)
]]>
            </full-stacktrace>
          </exception> <!-- org.testng.TestNGException -->
          <reporter-output>
          </reporter-output>
        </test-method> <!-- loginWithCorrectPassword -->
      </class> <!-- loginTestCases.CorrectPassword -->
    </test> <!-- BothCorrect -->
  </suite> <!-- login Suite -->
</testng-results>
