<?xml version="1.0" encoding="UTF-8"?>
<!-- Generated by org.testng.reporters.JUnitXMLReporter -->
<testsuite ignored="14" hostname="XSC-10261" failures="0" tests="21" name="Test" time="129.488" errors="0" timestamp="2022-04-09T13:31:24 IST">
  <testcase classname="tests.LoginTest" name="logOutTest" time="5.553"/>
  <testcase classname="tests.LoginTest" name="logInWithOtp" time="8.516"/>
  <testcase classname="tests.AppStatistics" name="appStatistics" time="4.985"/>
  <testcase classname="tests.InviteAndEarn" name="inviteAndEarn" time="3.05"/>
  <testcase classname="tests.RateTheApp" name="rateApp" time="6.689"/>
  <testcase classname="tests.ChatWithUs" name="chatwithus" time="9.012"/>
  <testcase classname="tests.Logout" name="logout" time="4.422"/>
  <testcase classname="tests.Settings" name="appiumSetup" time="7.569"/>
  <testcase classname="tests.Settings" name="profile" time="8.31"/>
  <testcase classname="tests.Settings" name="viewfullcareer" time="1.015"/>
  <testcase classname="tests.Settings" name="playerinsight" time="3.617"/>
  <testcase classname="tests.Settings" name="mymatches" time="4.166"/>
  <testcase classname="tests.Settings" name="mytournament" time="4.373"/>
  <testcase classname="tests.Settings" name="myteams" time="0.917"/>
  <testcase classname="tests.Settings" name="mytimeline" time="6.328"/>
  <testcase classname="tests.Settings" name="myrequests" time="2.512"/>
  <testcase classname="tests.Settings" name="changepin" time="5.502"/>
  <testcase classname="tests.About" name="about" time="1.339"/>
  <testcase classname="tests.About" name="info" time="1.561"/>
  <testcase classname="tests.About" name="admins" time="0.679"/>
  <testcase classname="tests.About" name="aboutUs" time="0.806"/>
  <testcase classname="base.BaseClass" name="@AfterTest tearDown" time="0.0">
    <ignored/>
  </testcase> <!-- @AfterTest tearDown -->
  <testcase classname="base.BaseClass" name="@AfterTest tearDown" time="0.0">
    <ignored/>
  </testcase> <!-- @AfterTest tearDown -->
  <testcase classname="base.BaseClass" name="@BeforeTest setup" time="0.0">
    <ignored/>
  </testcase> <!-- @BeforeTest setup -->
  <testcase classname="base.BaseClass" name="@BeforeTest setup" time="0.0">
    <ignored/>
  </testcase> <!-- @BeforeTest setup -->
  <testcase classname="base.BaseClass" name="@AfterTest tearDown" time="0.0">
    <ignored/>
  </testcase> <!-- @AfterTest tearDown -->
  <testcase classname="base.BaseClass" name="@AfterTest tearDown" time="0.0">
    <ignored/>
  </testcase> <!-- @AfterTest tearDown -->
  <testcase classname="base.BaseClass" name="@BeforeTest setup" time="0.0">
    <ignored/>
  </testcase> <!-- @BeforeTest setup -->
  <testcase classname="base.BaseClass" name="@AfterTest tearDown" time="0.0">
    <ignored/>
  </testcase> <!-- @AfterTest tearDown -->
  <testcase classname="base.BaseClass" name="@BeforeTest setup" time="0.0">
    <ignored/>
  </testcase> <!-- @BeforeTest setup -->
  <testcase classname="base.BaseClass" name="@BeforeTest setup" time="0.0">
    <ignored/>
  </testcase> <!-- @BeforeTest setup -->
  <testcase classname="base.BaseClass" name="@BeforeTest setup" time="0.0">
    <ignored/>
  </testcase> <!-- @BeforeTest setup -->
  <testcase classname="base.BaseClass" name="@BeforeTest setup" time="0.0">
    <ignored/>
  </testcase> <!-- @BeforeTest setup -->
  <testcase classname="base.BaseClass" name="@AfterTest tearDown" time="0.0">
    <ignored/>
  </testcase> <!-- @AfterTest tearDown -->
  <testcase classname="base.BaseClass" name="@AfterTest tearDown" time="0.0">
    <ignored/>
  </testcase> <!-- @AfterTest tearDown -->
</testsuite> <!-- Test -->
